

***********************************************************************
Fatal NI connect error 12514, connecting to:
 (DESCRIPTION=(CONNECT_DATA=(SERVICE_NAME=xe)(CID=(PROGRAM=httpd)(HOST=ipalomar)(USER=nobody)))(ADDRESS=(PROTOCOL=TCP)(HOST=10.10.100.26)(PORT=1521)))

  VERSION INFORMATION:
	TNS for Linux: Version 10.2.0.1.0 - Production
	TCP/IP NT Protocol Adapter for Linux: Version 10.2.0.1.0 - Production
  Time: 28-NOV-2011 13:19:44
  Tracing not turned on.
  Tns error struct:
    ns main err code: 12564
    TNS-12564: TNS:connection refused
    ns secondary err code: 0
    nt main err code: 0
    nt secondary err code: 0


***********************************************************************
Fatal NI connect error 12514, connecting to:
 (DESCRIPTION=(CONNECT_DATA=(SERVICE_NAME=xe)(CID=(PROGRAM=httpd)(HOST=ipalomar)(USER=nobody)))(ADDRESS=(PROTOCOL=TCP)(HOST=10.10.100.26)(PORT=1521)))

  VERSION INFORMATION:
	TNS for Linux: Version 10.2.0.1.0 - Production
	TCP/IP NT Protocol Adapter for Linux: Version 10.2.0.1.0 - Production
  Time: 28-NOV-2011 13:19:46
  Tracing not turned on.
  Tns error struct:
    ns main err code: 12564
    TNS-12564: TNS:connection refused
    ns secondary err code: 0
    nt main err code: 0
    nt secondary err code: 0


***********************************************************************
Fatal NI connect error 12514, connecting to:
 (DESCRIPTION=(CONNECT_DATA=(SERVICE_NAME=xe)(CID=(PROGRAM=httpd@ipalomar)(HOST=ipalomar)(USER=nobody)))(ADDRESS=(PROTOCOL=TCP)(HOST=10.10.100.26)(PORT=1521)))

  VERSION INFORMATION:
	TNS for Linux: Version 10.2.0.1.0 - Production
	TCP/IP NT Protocol Adapter for Linux: Version 10.2.0.1.0 - Production
  Time: 28-NOV-2011 13:19:47
  Tracing not turned on.
  Tns error struct:
    ns main err code: 12564
    TNS-12564: TNS:connection refused
    ns secondary err code: 0
    nt main err code: 0
    nt secondary err code: 0


***********************************************************************
Fatal NI connect error 12514, connecting to:
 (DESCRIPTION=(CONNECT_DATA=(SERVICE_NAME=xe)(CID=(PROGRAM=httpd@ipalomar)(HOST=ipalomar)(USER=nobody)))(ADDRESS=(PROTOCOL=TCP)(HOST=10.10.100.26)(PORT=1521)))

  VERSION INFORMATION:
	TNS for Linux: Version 10.2.0.1.0 - Production
	TCP/IP NT Protocol Adapter for Linux: Version 10.2.0.1.0 - Production
  Time: 28-NOV-2011 13:19:47
  Tracing not turned on.
  Tns error struct:
    ns main err code: 12564
    TNS-12564: TNS:connection refused
    ns secondary err code: 0
    nt main err code: 0
    nt secondary err code: 0


***********************************************************************
Fatal NI connect error 12514, connecting to:
 (DESCRIPTION=(CONNECT_DATA=(SERVICE_NAME=xe)(CID=(PROGRAM=httpd@ipalomar)(HOST=ipalomar)(USER=nobody)))(ADDRESS=(PROTOCOL=TCP)(HOST=10.10.100.26)(PORT=1521)))

  VERSION INFORMATION:
	TNS for Linux: Version 10.2.0.1.0 - Production
	TCP/IP NT Protocol Adapter for Linux: Version 10.2.0.1.0 - Production
  Time: 28-NOV-2011 13:19:48
  Tracing not turned on.
  Tns error struct:
    ns main err code: 12564
    TNS-12564: TNS:connection refused
    ns secondary err code: 0
    nt main err code: 0
    nt secondary err code: 0


***********************************************************************
Fatal NI connect error 12514, connecting to:
 (DESCRIPTION=(CONNECT_DATA=(SERVICE_NAME=xe)(CID=(PROGRAM=httpd@ipalomar)(HOST=ipalomar)(USER=nobody)))(ADDRESS=(PROTOCOL=TCP)(HOST=10.10.100.26)(PORT=1521)))

  VERSION INFORMATION:
	TNS for Linux: Version 10.2.0.1.0 - Production
	TCP/IP NT Protocol Adapter for Linux: Version 10.2.0.1.0 - Production
  Time: 28-NOV-2011 13:19:48
  Tracing not turned on.
  Tns error struct:
    ns main err code: 12564
    TNS-12564: TNS:connection refused
    ns secondary err code: 0
    nt main err code: 0
    nt secondary err code: 0


***********************************************************************
Fatal NI connect error 12514, connecting to:
 (DESCRIPTION=(CONNECT_DATA=(SERVICE_NAME=xe)(CID=(PROGRAM=httpd@ipalomar)(HOST=ipalomar)(USER=nobody)))(ADDRESS=(PROTOCOL=TCP)(HOST=10.10.100.26)(PORT=1521)))

  VERSION INFORMATION:
	TNS for Linux: Version 10.2.0.1.0 - Production
	TCP/IP NT Protocol Adapter for Linux: Version 10.2.0.1.0 - Production
  Time: 28-NOV-2011 13:19:48
  Tracing not turned on.
  Tns error struct:
    ns main err code: 12564
    TNS-12564: TNS:connection refused
    ns secondary err code: 0
    nt main err code: 0
    nt secondary err code: 0
    nt OS err code: 0


***********************************************************************
Fatal NI connect error 12514, connecting to:
 (DESCRIPTION=(CONNECT_DATA=(SERVICE_NAME=xe)(CID=(PROGRAM=httpd)(HOST=ipalomar)(USER=nobody)))(ADDRESS=(PROTOCOL=TCP)(HOST=10.10.100.26)(PORT=1521)))

  VERSION INFORMATION:
	TNS for Linux: Version 10.2.0.1.0 - Production
	TCP/IP NT Protocol Adapter for Linux: Version 10.2.0.1.0 - Production
  Time: 28-NOV-2011 13:19:48
  Tracing not turned on.
  Tns error struct:
    ns main err code: 12564
    TNS-12564: TNS:connection refused
    ns secondary err code: 0
    nt main err code: 0
    nt secondary err code: 0


***********************************************************************
Fatal NI connect error 12514, connecting to:
 (DESCRIPTION=(CONNECT_DATA=(SERVICE_NAME=xe)(CID=(PROGRAM=httpd@ipalomar)(HOST=ipalomar)(USER=nobody)))(ADDRESS=(PROTOCOL=TCP)(HOST=10.10.100.26)(PORT=1521)))

  VERSION INFORMATION:
	TNS for Linux: Version 10.2.0.1.0 - Production
	TCP/IP NT Protocol Adapter for Linux: Version 10.2.0.1.0 - Production
  Time: 28-NOV-2011 13:19:48
  Tracing not turned on.
  Tns error struct:
    ns main err code: 12564
    TNS-12564: TNS:connection refused
    ns secondary err code: 0
    nt main err code: 0
    nt secondary err code: 0


***********************************************************************
Fatal NI connect error 12514, connecting to:
 (DESCRIPTION=(CONNECT_DATA=(SERVICE_NAME=xe)(CID=(PROGRAM=httpd@ipalomar)(HOST=ipalomar)(USER=nobody)))(ADDRESS=(PROTOCOL=TCP)(HOST=10.10.100.26)(PORT=1521)))

  VERSION INFORMATION:
	TNS for Linux: Version 10.2.0.1.0 - Production
	TCP/IP NT Protocol Adapter for Linux: Version 10.2.0.1.0 - Production
  Time: 28-NOV-2011 13:19:49
  Tracing not turned on.
  Tns error struct:
    ns main err code: 12564
    TNS-12564: TNS:connection refused
    ns secondary err code: 0
    nt main err code: 0
    nt secondary err code: 0


***********************************************************************
Fatal NI connect error 12514, connecting to:
 (DESCRIPTION=(CONNECT_DATA=(SERVICE_NAME=xe)(CID=(PROGRAM=httpd@ipalomar)(HOST=ipalomar)(USER=nobody)))(ADDRESS=(PROTOCOL=TCP)(HOST=10.10.100.26)(PORT=1521)))

  VERSION INFORMATION:
	TNS for Linux: Version 10.2.0.1.0 - Production
	TCP/IP NT Protocol Adapter for Linux: Version 10.2.0.1.0 - Production
  Time: 28-NOV-2011 13:19:49
  Tracing not turned on.
  Tns error struct:
    ns main err code: 12564
    TNS-12564: TNS:connection refused
    ns secondary err code: 0
    nt main err code: 0
    nt secondary err code: 0
    nt OS err code: 0


***********************************************************************
Fatal NI connect error 12514, connecting to:
 (DESCRIPTION=(CONNECT_DATA=(SERVICE_NAME=xe)(CID=(PROGRAM=httpd)(HOST=ipalomar)(USER=nobody)))(ADDRESS=(PROTOCOL=TCP)(HOST=10.10.100.26)(PORT=1521)))

  VERSION INFORMATION:
	TNS for Linux: Version 10.2.0.1.0 - Production
	TCP/IP NT Protocol Adapter for Linux: Version 10.2.0.1.0 - Production
  Time: 28-NOV-2011 13:19:49
  Tracing not turned on.
  Tns error struct:
    ns main err code: 12564
    TNS-12564: TNS:connection refused
    ns secondary err code: 0
    nt main err code: 0
    nt secondary err code: 0
